0 info it worked if it ends with ok
1 verbose cli [ '/usr/bin/node',
1 verbose cli   '/usr/bin/npm',
1 verbose cli   'install',
1 verbose cli   'express-generator',
1 verbose cli   '-g' ]
2 info using npm@3.5.2
3 info using node@v8.10.0
4 silly loadCurrentTree Starting
5 silly install loadCurrentTree
6 silly install readGlobalPackageData
7 silly fetchPackageMetaData express-generator
8 silly fetchNamedPackageData express-generator
9 silly mapToRegistry name express-generator
10 silly mapToRegistry using default registry
11 silly mapToRegistry registry https://registry.npmjs.org/
12 silly mapToRegistry uri https://registry.npmjs.org/express-generator
13 verbose request uri https://registry.npmjs.org/express-generator
14 verbose request no auth needed
15 info attempt registry request try #1 at 1:28:48 AM
16 verbose request id 2ae056cb864ad6eb
17 http request GET https://registry.npmjs.org/express-generator
18 http 200 https://registry.npmjs.org/express-generator
19 verbose headers { date: 'Sat, 16 May 2020 16:28:53 GMT',
19 verbose headers   'content-type': 'application/json',
19 verbose headers   'transfer-encoding': 'chunked',
19 verbose headers   connection: 'keep-alive',
19 verbose headers   'set-cookie':
19 verbose headers    [ '__cfduid=d64e6313bccf1911d76222304286b46a31589646532; expires=Mon, 15-Jun-20 16:28:52 GMT; path=/; domain=.npmjs.org; HttpOnly; SameSite=Lax' ],
19 verbose headers   'cf-ray': '5946796ade8d0b04-NRT',
19 verbose headers   'cache-control': 'public, max-age=300',
19 verbose headers   etag: 'W/"3fca1ab765b0d6dbfc421afab882828c"',
19 verbose headers   'last-modified': 'Fri, 03 May 2019 13:58:57 GMT',
19 verbose headers   vary: 'accept-encoding, accept',
19 verbose headers   'cf-cache-status': 'EXPIRED',
19 verbose headers   'expect-ct': 'max-age=604800, report-uri="https://report-uri.cloudflare.com/cdn-cgi/beacon/expect-ct"',
19 verbose headers   server: 'cloudflare',
19 verbose headers   'content-encoding': 'gzip',
19 verbose headers   'cf-request-id': '02bfea36ca00000b04c3025200000001' }
20 silly get cb [ 200,
20 silly get   { date: 'Sat, 16 May 2020 16:28:53 GMT',
20 silly get     'content-type': 'application/json',
20 silly get     'transfer-encoding': 'chunked',
20 silly get     connection: 'keep-alive',
20 silly get     'set-cookie':
20 silly get      [ '__cfduid=d64e6313bccf1911d76222304286b46a31589646532; expires=Mon, 15-Jun-20 16:28:52 GMT; path=/; domain=.npmjs.org; HttpOnly; SameSite=Lax' ],
20 silly get     'cf-ray': '5946796ade8d0b04-NRT',
20 silly get     'cache-control': 'public, max-age=300',
20 silly get     etag: 'W/"3fca1ab765b0d6dbfc421afab882828c"',
20 silly get     'last-modified': 'Fri, 03 May 2019 13:58:57 GMT',
20 silly get     vary: 'accept-encoding, accept',
20 silly get     'cf-cache-status': 'EXPIRED',
20 silly get     'expect-ct': 'max-age=604800, report-uri="https://report-uri.cloudflare.com/cdn-cgi/beacon/expect-ct"',
20 silly get     server: 'cloudflare',
20 silly get     'content-encoding': 'gzip',
20 silly get     'cf-request-id': '02bfea36ca00000b04c3025200000001' } ]
21 verbose get saving express-generator to /home/unilorn/.npm/registry.npmjs.org/express-generator/.cache.json
22 silly install normalizeTree
23 silly loadCurrentTree Finishing
24 silly loadIdealTree Starting
25 silly install loadIdealTree
26 silly cloneCurrentTree Starting
27 silly install cloneCurrentTreeToIdealTree
28 silly cloneCurrentTree Finishing
29 silly loadShrinkwrap Starting
30 silly install loadShrinkwrap
31 silly loadShrinkwrap Finishing
32 silly loadAllDepsIntoIdealTree Starting
33 silly install loadAllDepsIntoIdealTree
34 silly resolveWithNewModule express-generator@4.16.1 checking installable status
35 silly cache add args [ 'express-generator', null ]
36 verbose cache add spec express-generator
37 silly cache add parsed spec Result {
37 silly cache add   raw: 'express-generator',
37 silly cache add   scope: null,
37 silly cache add   name: 'express-generator',
37 silly cache add   rawSpec: '',
37 silly cache add   spec: 'latest',
37 silly cache add   type: 'tag' }
38 silly addNamed express-generator@latest
39 verbose addNamed "latest" is being treated as a dist-tag for express-generator
40 info addNameTag [ 'express-generator', 'latest' ]
41 silly mapToRegistry name express-generator
42 silly mapToRegistry using default registry
43 silly mapToRegistry registry https://registry.npmjs.org/
44 silly mapToRegistry uri https://registry.npmjs.org/express-generator
45 verbose addNameTag registry:https://registry.npmjs.org/express-generator not in flight; fetching
46 verbose get https://registry.npmjs.org/express-generator not expired, no request
47 silly addNameTag next cb for express-generator with tag latest
48 silly addNamed express-generator@4.16.1
49 verbose addNamed "4.16.1" is a plain semver version for express-generator
50 silly mapToRegistry name express-generator
51 silly mapToRegistry using default registry
52 silly mapToRegistry registry https://registry.npmjs.org/
53 silly mapToRegistry uri https://registry.npmjs.org/express-generator
54 verbose addRemoteTarball https://registry.npmjs.org/express-generator/-/express-generator-4.16.1.tgz not in flight; adding
55 verbose addRemoteTarball [ 'https://registry.npmjs.org/express-generator/-/express-generator-4.16.1.tgz',
55 verbose addRemoteTarball   '9b7989b3cdffbea714d549db57fe53c21cb75d70' ]
56 info retry fetch attempt 1 at 1:28:49 AM
57 info attempt registry request try #1 at 1:28:49 AM
58 http fetch GET https://registry.npmjs.org/express-generator/-/express-generator-4.16.1.tgz
59 http fetch 200 https://registry.npmjs.org/express-generator/-/express-generator-4.16.1.tgz
60 silly fetchAndShaCheck shasum 9b7989b3cdffbea714d549db57fe53c21cb75d70
61 verbose addTmpTarball /tmp/npm-24607-255795ae/registry.npmjs.org/express-generator/-/express-generator-4.16.1.tgz not in flight; adding
62 verbose addTmpTarball already have metadata; skipping unpack for express-generator@4.16.1
63 silly cache afterAdd express-generator@4.16.1
64 verbose afterAdd /home/unilorn/.npm/express-generator/4.16.1/package/package.json not in flight; writing
65 verbose afterAdd /home/unilorn/.npm/express-generator/4.16.1/package/package.json written
66 silly fetchNamedPackageData commander
67 silly mapToRegistry name commander
68 silly mapToRegistry using default registry
69 silly mapToRegistry registry https://registry.npmjs.org/
70 silly mapToRegistry uri https://registry.npmjs.org/commander
71 silly fetchNamedPackageData ejs
72 silly mapToRegistry name ejs
73 silly mapToRegistry using default registry
74 silly mapToRegistry registry https://registry.npmjs.org/
75 silly mapToRegistry uri https://registry.npmjs.org/ejs
76 silly fetchNamedPackageData minimatch
77 silly mapToRegistry name minimatch
78 silly mapToRegistry using default registry
79 silly mapToRegistry registry https://registry.npmjs.org/
80 silly mapToRegistry uri https://registry.npmjs.org/minimatch
81 silly fetchNamedPackageData mkdirp
82 silly mapToRegistry name mkdirp
83 silly mapToRegistry using default registry
84 silly mapToRegistry registry https://registry.npmjs.org/
85 silly mapToRegistry uri https://registry.npmjs.org/mkdirp
86 silly fetchNamedPackageData sorted-object
87 silly mapToRegistry name sorted-object
88 silly mapToRegistry using default registry
89 silly mapToRegistry registry https://registry.npmjs.org/
90 silly mapToRegistry uri https://registry.npmjs.org/sorted-object
91 verbose request uri https://registry.npmjs.org/commander
92 verbose request no auth needed
93 info attempt registry request try #1 at 1:28:49 AM
94 http request GET https://registry.npmjs.org/commander
95 verbose request uri https://registry.npmjs.org/ejs
96 verbose request no auth needed
97 info attempt registry request try #1 at 1:28:49 AM
98 http request GET https://registry.npmjs.org/ejs
99 verbose request uri https://registry.npmjs.org/minimatch
100 verbose request no auth needed
101 info attempt registry request try #1 at 1:28:49 AM
102 http request GET https://registry.npmjs.org/minimatch
103 verbose request uri https://registry.npmjs.org/mkdirp
104 verbose request no auth needed
105 info attempt registry request try #1 at 1:28:49 AM
106 http request GET https://registry.npmjs.org/mkdirp
107 verbose request uri https://registry.npmjs.org/sorted-object
108 verbose request no auth needed
109 info attempt registry request try #1 at 1:28:49 AM
110 http request GET https://registry.npmjs.org/sorted-object
111 http 200 https://registry.npmjs.org/commander
112 verbose headers { date: 'Sat, 16 May 2020 16:28:53 GMT',
112 verbose headers   'content-type': 'application/json',
112 verbose headers   'transfer-encoding': 'chunked',
112 verbose headers   connection: 'keep-alive',
112 verbose headers   'set-cookie':
112 verbose headers    [ '__cfduid=dca7c5852f01f5331bb63508b32d621d41589646533; expires=Mon, 15-Jun-20 16:28:53 GMT; path=/; domain=.npmjs.org; HttpOnly; SameSite=Lax' ],
112 verbose headers   'cf-ray': '5946796fec390b04-NRT',
112 verbose headers   age: '374',
112 verbose headers   'cache-control': 'public, max-age=300',
112 verbose headers   etag: 'W/"1b459ca26124f8844aa9807e0fecd401"',
112 verbose headers   'last-modified': 'Sat, 25 Apr 2020 02:29:26 GMT',
112 verbose headers   vary: 'accept-encoding, accept',
112 verbose headers   'cf-cache-status': 'HIT',
112 verbose headers   'expect-ct': 'max-age=604800, report-uri="https://report-uri.cloudflare.com/cdn-cgi/beacon/expect-ct"',
112 verbose headers   server: 'cloudflare',
112 verbose headers   'content-encoding': 'gzip',
112 verbose headers   'cf-request-id': '02bfea39ee00000b04c306d200000001' }
113 silly get cb [ 200,
113 silly get   { date: 'Sat, 16 May 2020 16:28:53 GMT',
113 silly get     'content-type': 'application/json',
113 silly get     'transfer-encoding': 'chunked',
113 silly get     connection: 'keep-alive',
113 silly get     'set-cookie':
113 silly get      [ '__cfduid=dca7c5852f01f5331bb63508b32d621d41589646533; expires=Mon, 15-Jun-20 16:28:53 GMT; path=/; domain=.npmjs.org; HttpOnly; SameSite=Lax' ],
113 silly get     'cf-ray': '5946796fec390b04-NRT',
113 silly get     age: '374',
113 silly get     'cache-control': 'public, max-age=300',
113 silly get     etag: 'W/"1b459ca26124f8844aa9807e0fecd401"',
113 silly get     'last-modified': 'Sat, 25 Apr 2020 02:29:26 GMT',
113 silly get     vary: 'accept-encoding, accept',
113 silly get     'cf-cache-status': 'HIT',
113 silly get     'expect-ct': 'max-age=604800, report-uri="https://report-uri.cloudflare.com/cdn-cgi/beacon/expect-ct"',
113 silly get     server: 'cloudflare',
113 silly get     'content-encoding': 'gzip',
113 silly get     'cf-request-id': '02bfea39ee00000b04c306d200000001' } ]
114 verbose get saving commander to /home/unilorn/.npm/registry.npmjs.org/commander/.cache.json
115 silly resolveWithNewModule commander@2.15.1 checking installable status
116 silly cache add args [ 'commander@2.15.1', null ]
117 verbose cache add spec commander@2.15.1
118 silly cache add parsed spec Result {
118 silly cache add   raw: 'commander@2.15.1',
118 silly cache add   scope: null,
118 silly cache add   name: 'commander',
118 silly cache add   rawSpec: '2.15.1',
118 silly cache add   spec: '2.15.1',
118 silly cache add   type: 'version' }
119 silly addNamed commander@2.15.1
120 verbose addNamed "2.15.1" is a plain semver version for commander
121 silly mapToRegistry name commander
122 silly mapToRegistry using default registry
123 silly mapToRegistry registry https://registry.npmjs.org/
124 silly mapToRegistry uri https://registry.npmjs.org/commander
125 verbose addNameVersion registry:https://registry.npmjs.org/commander not in flight; fetching
126 verbose get https://registry.npmjs.org/commander not expired, no request
127 silly mapToRegistry name commander
128 silly mapToRegistry using default registry
129 silly mapToRegistry registry https://registry.npmjs.org/
130 silly mapToRegistry uri https://registry.npmjs.org/commander
131 verbose addRemoteTarball https://registry.npmjs.org/commander/-/commander-2.15.1.tgz not in flight; adding
132 verbose addRemoteTarball [ 'https://registry.npmjs.org/commander/-/commander-2.15.1.tgz',
132 verbose addRemoteTarball   'df46e867d0fc2aec66a34662b406a9ccafff5b0f' ]
133 info retry fetch attempt 1 at 1:28:49 AM
134 info attempt registry request try #1 at 1:28:49 AM
135 http fetch GET https://registry.npmjs.org/commander/-/commander-2.15.1.tgz
136 http fetch 200 https://registry.npmjs.org/commander/-/commander-2.15.1.tgz
137 silly fetchAndShaCheck shasum df46e867d0fc2aec66a34662b406a9ccafff5b0f
138 verbose addTmpTarball /tmp/npm-24607-255795ae/registry.npmjs.org/commander/-/commander-2.15.1.tgz not in flight; adding
139 verbose addTmpTarball already have metadata; skipping unpack for commander@2.15.1
140 silly cache afterAdd commander@2.15.1
141 verbose afterAdd /home/unilorn/.npm/commander/2.15.1/package/package.json not in flight; writing
142 verbose afterAdd /home/unilorn/.npm/commander/2.15.1/package/package.json written
143 http 200 https://registry.npmjs.org/mkdirp
144 verbose headers { date: 'Sat, 16 May 2020 16:28:53 GMT',
144 verbose headers   'content-type': 'application/json',
144 verbose headers   'transfer-encoding': 'chunked',
144 verbose headers   connection: 'keep-alive',
144 verbose headers   'set-cookie':
144 verbose headers    [ '__cfduid=dd0365c3c8dcd66479eccffce4005dff31589646533; expires=Mon, 15-Jun-20 16:28:53 GMT; path=/; domain=.npmjs.org; HttpOnly; SameSite=Lax' ],
144 verbose headers   'cf-ray': '594679715fb4ef45-NRT',
144 verbose headers   age: '6493',
144 verbose headers   'cache-control': 'public, max-age=300',
144 verbose headers   etag: 'W/"0730d9c43c136c318d8e19c69cbd72aa"',
144 verbose headers   'last-modified': 'Wed, 22 Apr 2020 06:03:24 GMT',
144 verbose headers   vary: 'accept-encoding, accept',
144 verbose headers   'cf-cache-status': 'HIT',
144 verbose headers   'expect-ct': 'max-age=604800, report-uri="https://report-uri.cloudflare.com/cdn-cgi/beacon/expect-ct"',
144 verbose headers   server: 'cloudflare',
144 verbose headers   'content-encoding': 'gzip',
144 verbose headers   'cf-request-id': '02bfea3ad80000ef454d377200000001' }
145 silly get cb [ 200,
145 silly get   { date: 'Sat, 16 May 2020 16:28:53 GMT',
145 silly get     'content-type': 'application/json',
145 silly get     'transfer-encoding': 'chunked',
145 silly get     connection: 'keep-alive',
145 silly get     'set-cookie':
145 silly get      [ '__cfduid=dd0365c3c8dcd66479eccffce4005dff31589646533; expires=Mon, 15-Jun-20 16:28:53 GMT; path=/; domain=.npmjs.org; HttpOnly; SameSite=Lax' ],
145 silly get     'cf-ray': '594679715fb4ef45-NRT',
145 silly get     age: '6493',
145 silly get     'cache-control': 'public, max-age=300',
145 silly get     etag: 'W/"0730d9c43c136c318d8e19c69cbd72aa"',
145 silly get     'last-modified': 'Wed, 22 Apr 2020 06:03:24 GMT',
145 silly get     vary: 'accept-encoding, accept',
145 silly get     'cf-cache-status': 'HIT',
145 silly get     'expect-ct': 'max-age=604800, report-uri="https://report-uri.cloudflare.com/cdn-cgi/beacon/expect-ct"',
145 silly get     server: 'cloudflare',
145 silly get     'content-encoding': 'gzip',
145 silly get     'cf-request-id': '02bfea3ad80000ef454d377200000001' } ]
146 verbose get saving mkdirp to /home/unilorn/.npm/registry.npmjs.org/mkdirp/.cache.json
147 silly resolveWithNewModule mkdirp@0.5.1 checking installable status
148 silly cache add args [ 'mkdirp@0.5.1', null ]
149 verbose cache add spec mkdirp@0.5.1
150 silly cache add parsed spec Result {
150 silly cache add   raw: 'mkdirp@0.5.1',
150 silly cache add   scope: null,
150 silly cache add   name: 'mkdirp',
150 silly cache add   rawSpec: '0.5.1',
150 silly cache add   spec: '0.5.1',
150 silly cache add   type: 'version' }
151 silly addNamed mkdirp@0.5.1
152 verbose addNamed "0.5.1" is a plain semver version for mkdirp
153 silly mapToRegistry name mkdirp
154 silly mapToRegistry using default registry
155 silly mapToRegistry registry https://registry.npmjs.org/
156 silly mapToRegistry uri https://registry.npmjs.org/mkdirp
157 verbose addNameVersion registry:https://registry.npmjs.org/mkdirp not in flight; fetching
158 verbose get https://registry.npmjs.org/mkdirp not expired, no request
159 warn deprecated mkdirp@0.5.1: Legacy versions of mkdirp are no longer supported. Please update to mkdirp 1.x. (Note that the API surface has changed to use Promises in 1.x.)
160 silly mapToRegistry name mkdirp
161 silly mapToRegistry using default registry
162 silly mapToRegistry registry https://registry.npmjs.org/
163 silly mapToRegistry uri https://registry.npmjs.org/mkdirp
164 verbose addRemoteTarball https://registry.npmjs.org/mkdirp/-/mkdirp-0.5.1.tgz not in flight; adding
165 verbose addRemoteTarball [ 'https://registry.npmjs.org/mkdirp/-/mkdirp-0.5.1.tgz',
165 verbose addRemoteTarball   '30057438eac6cf7f8c4767f38648d6697d75c903' ]
166 http 200 https://registry.npmjs.org/ejs
167 verbose headers { date: 'Sat, 16 May 2020 16:28:53 GMT',
167 verbose headers   'content-type': 'application/json',
167 verbose headers   'transfer-encoding': 'chunked',
167 verbose headers   connection: 'keep-alive',
167 verbose headers   'set-cookie':
167 verbose headers    [ '__cfduid=dbd6fed5a65da29971a9a757db85f09ad1589646533; expires=Mon, 15-Jun-20 16:28:53 GMT; path=/; domain=.npmjs.org; HttpOnly; SameSite=Lax' ],
167 verbose headers   'cf-ray': '594679715a55ef8e-NRT',
167 verbose headers   age: '6012',
167 verbose headers   'cache-control': 'public, max-age=300',
167 verbose headers   etag: 'W/"2099a895fde63736b89727ae07370db1"',
167 verbose headers   'last-modified': 'Fri, 24 Apr 2020 04:27:35 GMT',
167 verbose headers   vary: 'accept-encoding, accept',
167 verbose headers   'cf-cache-status': 'HIT',
167 verbose headers   'expect-ct': 'max-age=604800, report-uri="https://report-uri.cloudflare.com/cdn-cgi/beacon/expect-ct"',
167 verbose headers   server: 'cloudflare',
167 verbose headers   'content-encoding': 'gzip',
167 verbose headers   'cf-request-id': '02bfea3adb0000ef8e1790f200000001' }
168 silly get cb [ 200,
168 silly get   { date: 'Sat, 16 May 2020 16:28:53 GMT',
168 silly get     'content-type': 'application/json',
168 silly get     'transfer-encoding': 'chunked',
168 silly get     connection: 'keep-alive',
168 silly get     'set-cookie':
168 silly get      [ '__cfduid=dbd6fed5a65da29971a9a757db85f09ad1589646533; expires=Mon, 15-Jun-20 16:28:53 GMT; path=/; domain=.npmjs.org; HttpOnly; SameSite=Lax' ],
168 silly get     'cf-ray': '594679715a55ef8e-NRT',
168 silly get     age: '6012',
168 silly get     'cache-control': 'public, max-age=300',
168 silly get     etag: 'W/"2099a895fde63736b89727ae07370db1"',
168 silly get     'last-modified': 'Fri, 24 Apr 2020 04:27:35 GMT',
168 silly get     vary: 'accept-encoding, accept',
168 silly get     'cf-cache-status': 'HIT',
168 silly get     'expect-ct': 'max-age=604800, report-uri="https://report-uri.cloudflare.com/cdn-cgi/beacon/expect-ct"',
168 silly get     server: 'cloudflare',
168 silly get     'content-encoding': 'gzip',
168 silly get     'cf-request-id': '02bfea3adb0000ef8e1790f200000001' } ]
169 verbose get saving ejs to /home/unilorn/.npm/registry.npmjs.org/ejs/.cache.json
170 info retry fetch attempt 1 at 1:28:49 AM
171 info attempt registry request try #1 at 1:28:49 AM
172 http fetch GET https://registry.npmjs.org/mkdirp/-/mkdirp-0.5.1.tgz
173 http 200 https://registry.npmjs.org/minimatch
174 verbose headers { date: 'Sat, 16 May 2020 16:28:53 GMT',
174 verbose headers   'content-type': 'application/json',
174 verbose headers   'transfer-encoding': 'chunked',
174 verbose headers   connection: 'keep-alive',
174 verbose headers   'set-cookie':
174 verbose headers    [ '__cfduid=dda4fab106ee601ed6f9435a3e9aba9a01589646533; expires=Mon, 15-Jun-20 16:28:53 GMT; path=/; domain=.npmjs.org; HttpOnly; SameSite=Lax' ],
174 verbose headers   'cf-ray': '594679700b600aec-NRT',
174 verbose headers   age: '3859',
174 verbose headers   'cache-control': 'public, max-age=300',
174 verbose headers   etag: 'W/"74d0b8b38c427aed03f1f23d14bfb863"',
174 verbose headers   'last-modified': 'Mon, 15 Apr 2019 06:36:47 GMT',
174 verbose headers   vary: 'accept-encoding, accept',
174 verbose headers   'cf-cache-status': 'HIT',
174 verbose headers   'expect-ct': 'max-age=604800, report-uri="https://report-uri.cloudflare.com/cdn-cgi/beacon/expect-ct"',
174 verbose headers   server: 'cloudflare',
174 verbose headers   'content-encoding': 'gzip',
174 verbose headers   'cf-request-id': '02bfea3a0400000aecab9db200000001' }
175 silly get cb [ 200,
175 silly get   { date: 'Sat, 16 May 2020 16:28:53 GMT',
175 silly get     'content-type': 'application/json',
175 silly get     'transfer-encoding': 'chunked',
175 silly get     connection: 'keep-alive',
175 silly get     'set-cookie':
175 silly get      [ '__cfduid=dda4fab106ee601ed6f9435a3e9aba9a01589646533; expires=Mon, 15-Jun-20 16:28:53 GMT; path=/; domain=.npmjs.org; HttpOnly; SameSite=Lax' ],
175 silly get     'cf-ray': '594679700b600aec-NRT',
175 silly get     age: '3859',
175 silly get     'cache-control': 'public, max-age=300',
175 silly get     etag: 'W/"74d0b8b38c427aed03f1f23d14bfb863"',
175 silly get     'last-modified': 'Mon, 15 Apr 2019 06:36:47 GMT',
175 silly get     vary: 'accept-encoding, accept',
175 silly get     'cf-cache-status': 'HIT',
175 silly get     'expect-ct': 'max-age=604800, report-uri="https://report-uri.cloudflare.com/cdn-cgi/beacon/expect-ct"',
175 silly get     server: 'cloudflare',
175 silly get     'content-encoding': 'gzip',
175 silly get     'cf-request-id': '02bfea3a0400000aecab9db200000001' } ]
176 verbose get saving minimatch to /home/unilorn/.npm/registry.npmjs.org/minimatch/.cache.json
177 silly resolveWithNewModule ejs@2.6.1 checking installable status
178 silly cache add args [ 'ejs@2.6.1', null ]
179 verbose cache add spec ejs@2.6.1
180 silly cache add parsed spec Result {
180 silly cache add   raw: 'ejs@2.6.1',
180 silly cache add   scope: null,
180 silly cache add   name: 'ejs',
180 silly cache add   rawSpec: '2.6.1',
180 silly cache add   spec: '2.6.1',
180 silly cache add   type: 'version' }
181 silly addNamed ejs@2.6.1
182 verbose addNamed "2.6.1" is a plain semver version for ejs
183 silly mapToRegistry name ejs
184 silly mapToRegistry using default registry
185 silly mapToRegistry registry https://registry.npmjs.org/
186 silly mapToRegistry uri https://registry.npmjs.org/ejs
187 verbose addNameVersion registry:https://registry.npmjs.org/ejs not in flight; fetching
188 silly resolveWithNewModule minimatch@3.0.4 checking installable status
189 silly cache add args [ 'minimatch@3.0.4', null ]
190 verbose cache add spec minimatch@3.0.4
191 silly cache add parsed spec Result {
191 silly cache add   raw: 'minimatch@3.0.4',
191 silly cache add   scope: null,
191 silly cache add   name: 'minimatch',
191 silly cache add   rawSpec: '3.0.4',
191 silly cache add   spec: '3.0.4',
191 silly cache add   type: 'version' }
192 silly addNamed minimatch@3.0.4
193 verbose addNamed "3.0.4" is a plain semver version for minimatch
194 silly mapToRegistry name minimatch
195 silly mapToRegistry using default registry
196 silly mapToRegistry registry https://registry.npmjs.org/
197 silly mapToRegistry uri https://registry.npmjs.org/minimatch
198 verbose addNameVersion registry:https://registry.npmjs.org/minimatch not in flight; fetching
199 verbose get https://registry.npmjs.org/ejs not expired, no request
200 http fetch 200 https://registry.npmjs.org/mkdirp/-/mkdirp-0.5.1.tgz
201 silly mapToRegistry name ejs
202 silly mapToRegistry using default registry
203 silly mapToRegistry registry https://registry.npmjs.org/
204 silly mapToRegistry uri https://registry.npmjs.org/ejs
205 verbose addRemoteTarball https://registry.npmjs.org/ejs/-/ejs-2.6.1.tgz not in flight; adding
206 verbose addRemoteTarball [ 'https://registry.npmjs.org/ejs/-/ejs-2.6.1.tgz',
206 verbose addRemoteTarball   '498ec0d495655abc6f23cd61868d926464071aa0' ]
207 verbose get https://registry.npmjs.org/minimatch not expired, no request
208 silly mapToRegistry name minimatch
209 silly mapToRegistry using default registry
210 silly mapToRegistry registry https://registry.npmjs.org/
211 silly mapToRegistry uri https://registry.npmjs.org/minimatch
212 verbose addRemoteTarball https://registry.npmjs.org/minimatch/-/minimatch-3.0.4.tgz not in flight; adding
213 verbose addRemoteTarball [ 'https://registry.npmjs.org/minimatch/-/minimatch-3.0.4.tgz',
213 verbose addRemoteTarball   '5166e286457f03306064be5497e8dbb0c3d32083' ]
214 info retry fetch attempt 1 at 1:28:49 AM
215 info attempt registry request try #1 at 1:28:49 AM
216 http fetch GET https://registry.npmjs.org/ejs/-/ejs-2.6.1.tgz
217 silly fetchAndShaCheck shasum 30057438eac6cf7f8c4767f38648d6697d75c903
218 info retry fetch attempt 1 at 1:28:49 AM
219 info attempt registry request try #1 at 1:28:49 AM
220 http fetch GET https://registry.npmjs.org/minimatch/-/minimatch-3.0.4.tgz
221 verbose addTmpTarball /tmp/npm-24607-255795ae/registry.npmjs.org/mkdirp/-/mkdirp-0.5.1.tgz not in flight; adding
222 verbose addTmpTarball already have metadata; skipping unpack for mkdirp@0.5.1
223 silly cache afterAdd mkdirp@0.5.1
224 verbose afterAdd /home/unilorn/.npm/mkdirp/0.5.1/package/package.json not in flight; writing
225 verbose afterAdd /home/unilorn/.npm/mkdirp/0.5.1/package/package.json written
226 http fetch 200 https://registry.npmjs.org/ejs/-/ejs-2.6.1.tgz
227 silly fetchAndShaCheck shasum 498ec0d495655abc6f23cd61868d926464071aa0
228 verbose addTmpTarball /tmp/npm-24607-255795ae/registry.npmjs.org/ejs/-/ejs-2.6.1.tgz not in flight; adding
229 verbose addTmpTarball already have metadata; skipping unpack for ejs@2.6.1
230 silly cache afterAdd ejs@2.6.1
231 verbose afterAdd /home/unilorn/.npm/ejs/2.6.1/package/package.json not in flight; writing
232 verbose afterAdd /home/unilorn/.npm/ejs/2.6.1/package/package.json written
233 http fetch 200 https://registry.npmjs.org/minimatch/-/minimatch-3.0.4.tgz
234 silly fetchAndShaCheck shasum 5166e286457f03306064be5497e8dbb0c3d32083
235 verbose addTmpTarball /tmp/npm-24607-255795ae/registry.npmjs.org/minimatch/-/minimatch-3.0.4.tgz not in flight; adding
236 verbose addTmpTarball already have metadata; skipping unpack for minimatch@3.0.4
237 silly cache afterAdd minimatch@3.0.4
238 verbose afterAdd /home/unilorn/.npm/minimatch/3.0.4/package/package.json not in flight; writing
239 verbose afterAdd /home/unilorn/.npm/minimatch/3.0.4/package/package.json written
240 http 200 https://registry.npmjs.org/sorted-object
241 verbose headers { date: 'Sat, 16 May 2020 16:28:53 GMT',
241 verbose headers   'content-type': 'application/json; charset=UTF-8',
241 verbose headers   'transfer-encoding': 'chunked',
241 verbose headers   connection: 'keep-alive',
241 verbose headers   'set-cookie':
241 verbose headers    [ '__cfduid=d8995cb85bb24d9459a683715492271f61589646533; expires=Mon, 15-Jun-20 16:28:53 GMT; path=/; domain=.npmjs.org; HttpOnly; SameSite=Lax' ],
241 verbose headers   'cf-ray': '594679715c8cf907-NRT',
241 verbose headers   'cache-control': 'public, max-age=300',
241 verbose headers   etag: 'W/"ea98145528816e58739d28c9c9bc4e4f"',
241 verbose headers   'last-modified': 'Sun, 27 May 2018 17:50:35 GMT',
241 verbose headers   vary: 'accept-encoding, accept',
241 verbose headers   'cf-cache-status': 'REVALIDATED',
241 verbose headers   'expect-ct': 'max-age=604800, report-uri="https://report-uri.cloudflare.com/cdn-cgi/beacon/expect-ct"',
241 verbose headers   server: 'cloudflare',
241 verbose headers   'content-encoding': 'gzip',
241 verbose headers   'cf-request-id': '02bfea3ad90000f907620a1200000001' }
242 silly get cb [ 200,
242 silly get   { date: 'Sat, 16 May 2020 16:28:53 GMT',
242 silly get     'content-type': 'application/json; charset=UTF-8',
242 silly get     'transfer-encoding': 'chunked',
242 silly get     connection: 'keep-alive',
242 silly get     'set-cookie':
242 silly get      [ '__cfduid=d8995cb85bb24d9459a683715492271f61589646533; expires=Mon, 15-Jun-20 16:28:53 GMT; path=/; domain=.npmjs.org; HttpOnly; SameSite=Lax' ],
242 silly get     'cf-ray': '594679715c8cf907-NRT',
242 silly get     'cache-control': 'public, max-age=300',
242 silly get     etag: 'W/"ea98145528816e58739d28c9c9bc4e4f"',
242 silly get     'last-modified': 'Sun, 27 May 2018 17:50:35 GMT',
242 silly get     vary: 'accept-encoding, accept',
242 silly get     'cf-cache-status': 'REVALIDATED',
242 silly get     'expect-ct': 'max-age=604800, report-uri="https://report-uri.cloudflare.com/cdn-cgi/beacon/expect-ct"',
242 silly get     server: 'cloudflare',
242 silly get     'content-encoding': 'gzip',
242 silly get     'cf-request-id': '02bfea3ad90000f907620a1200000001' } ]
243 verbose get saving sorted-object to /home/unilorn/.npm/registry.npmjs.org/sorted-object/.cache.json
244 silly resolveWithNewModule sorted-object@2.0.1 checking installable status
245 silly cache add args [ 'sorted-object@2.0.1', null ]
246 verbose cache add spec sorted-object@2.0.1
247 silly cache add parsed spec Result {
247 silly cache add   raw: 'sorted-object@2.0.1',
247 silly cache add   scope: null,
247 silly cache add   name: 'sorted-object',
247 silly cache add   rawSpec: '2.0.1',
247 silly cache add   spec: '2.0.1',
247 silly cache add   type: 'version' }
248 silly addNamed sorted-object@2.0.1
249 verbose addNamed "2.0.1" is a plain semver version for sorted-object
250 silly mapToRegistry name sorted-object
251 silly mapToRegistry using default registry
252 silly mapToRegistry registry https://registry.npmjs.org/
253 silly mapToRegistry uri https://registry.npmjs.org/sorted-object
254 verbose addNameVersion registry:https://registry.npmjs.org/sorted-object not in flight; fetching
255 verbose get https://registry.npmjs.org/sorted-object not expired, no request
256 silly mapToRegistry name sorted-object
257 silly mapToRegistry using default registry
258 silly mapToRegistry registry https://registry.npmjs.org/
259 silly mapToRegistry uri https://registry.npmjs.org/sorted-object
260 verbose addRemoteTarball https://registry.npmjs.org/sorted-object/-/sorted-object-2.0.1.tgz not in flight; adding
261 verbose addRemoteTarball [ 'https://registry.npmjs.org/sorted-object/-/sorted-object-2.0.1.tgz',
261 verbose addRemoteTarball   '7d631f4bd3a798a24af1dffcfbfe83337a5df5fc' ]
262 info retry fetch attempt 1 at 1:28:50 AM
263 info attempt registry request try #1 at 1:28:50 AM
264 http fetch GET https://registry.npmjs.org/sorted-object/-/sorted-object-2.0.1.tgz
265 http fetch 200 https://registry.npmjs.org/sorted-object/-/sorted-object-2.0.1.tgz
266 silly fetchAndShaCheck shasum 7d631f4bd3a798a24af1dffcfbfe83337a5df5fc
267 verbose addTmpTarball /tmp/npm-24607-255795ae/registry.npmjs.org/sorted-object/-/sorted-object-2.0.1.tgz not in flight; adding
268 verbose addTmpTarball already have metadata; skipping unpack for sorted-object@2.0.1
269 silly cache afterAdd sorted-object@2.0.1
270 verbose afterAdd /home/unilorn/.npm/sorted-object/2.0.1/package/package.json not in flight; writing
271 verbose afterAdd /home/unilorn/.npm/sorted-object/2.0.1/package/package.json written
272 silly fetchNamedPackageData brace-expansion
273 silly mapToRegistry name brace-expansion
274 silly mapToRegistry using default registry
275 silly mapToRegistry registry https://registry.npmjs.org/
276 silly mapToRegistry uri https://registry.npmjs.org/brace-expansion
277 verbose request uri https://registry.npmjs.org/brace-expansion
278 verbose request no auth needed
279 info attempt registry request try #1 at 1:28:50 AM
280 http request GET https://registry.npmjs.org/brace-expansion
281 http 200 https://registry.npmjs.org/brace-expansion
282 verbose headers { date: 'Sat, 16 May 2020 16:28:53 GMT',
282 verbose headers   'content-type': 'application/json; charset=UTF-8',
282 verbose headers   'transfer-encoding': 'chunked',
282 verbose headers   connection: 'keep-alive',
282 verbose headers   'set-cookie':
282 verbose headers    [ '__cfduid=dca7c5852f01f5331bb63508b32d621d41589646533; expires=Mon, 15-Jun-20 16:28:53 GMT; path=/; domain=.npmjs.org; HttpOnly; SameSite=Lax' ],
282 verbose headers   'cf-ray': '59467974b8450b04-NRT',
282 verbose headers   age: '6747',
282 verbose headers   'cache-control': 'public, max-age=300',
282 verbose headers   etag: 'W/"e1bb7280c24dff102c3475d67515cff5"',
282 verbose headers   'last-modified': 'Sat, 26 May 2018 18:55:42 GMT',
282 verbose headers   vary: 'accept-encoding, accept',
282 verbose headers   'cf-cache-status': 'HIT',
282 verbose headers   'expect-ct': 'max-age=604800, report-uri="https://report-uri.cloudflare.com/cdn-cgi/beacon/expect-ct"',
282 verbose headers   server: 'cloudflare',
282 verbose headers   'content-encoding': 'gzip',
282 verbose headers   'cf-request-id': '02bfea3cf000000b04c308b200000001' }
283 silly get cb [ 200,
283 silly get   { date: 'Sat, 16 May 2020 16:28:53 GMT',
283 silly get     'content-type': 'application/json; charset=UTF-8',
283 silly get     'transfer-encoding': 'chunked',
283 silly get     connection: 'keep-alive',
283 silly get     'set-cookie':
283 silly get      [ '__cfduid=dca7c5852f01f5331bb63508b32d621d41589646533; expires=Mon, 15-Jun-20 16:28:53 GMT; path=/; domain=.npmjs.org; HttpOnly; SameSite=Lax' ],
283 silly get     'cf-ray': '59467974b8450b04-NRT',
283 silly get     age: '6747',
283 silly get     'cache-control': 'public, max-age=300',
283 silly get     etag: 'W/"e1bb7280c24dff102c3475d67515cff5"',
283 silly get     'last-modified': 'Sat, 26 May 2018 18:55:42 GMT',
283 silly get     vary: 'accept-encoding, accept',
283 silly get     'cf-cache-status': 'HIT',
283 silly get     'expect-ct': 'max-age=604800, report-uri="https://report-uri.cloudflare.com/cdn-cgi/beacon/expect-ct"',
283 silly get     server: 'cloudflare',
283 silly get     'content-encoding': 'gzip',
283 silly get     'cf-request-id': '02bfea3cf000000b04c308b200000001' } ]
284 verbose get saving brace-expansion to /home/unilorn/.npm/registry.npmjs.org/brace-expansion/.cache.json
285 silly resolveWithNewModule brace-expansion@1.1.11 checking installable status
286 silly cache add args [ 'brace-expansion@^1.1.7', null ]
287 verbose cache add spec brace-expansion@^1.1.7
288 silly cache add parsed spec Result {
288 silly cache add   raw: 'brace-expansion@^1.1.7',
288 silly cache add   scope: null,
288 silly cache add   name: 'brace-expansion',
288 silly cache add   rawSpec: '^1.1.7',
288 silly cache add   spec: '>=1.1.7 <2.0.0',
288 silly cache add   type: 'range' }
289 silly addNamed brace-expansion@>=1.1.7 <2.0.0
290 verbose addNamed ">=1.1.7 <2.0.0" is a valid semver range for brace-expansion
291 silly addNameRange { name: 'brace-expansion',
291 silly addNameRange   range: '>=1.1.7 <2.0.0',
291 silly addNameRange   hasData: false }
292 silly mapToRegistry name brace-expansion
293 silly mapToRegistry using default registry
294 silly mapToRegistry registry https://registry.npmjs.org/
295 silly mapToRegistry uri https://registry.npmjs.org/brace-expansion
296 verbose addNameRange registry:https://registry.npmjs.org/brace-expansion not in flight; fetching
297 verbose get https://registry.npmjs.org/brace-expansion not expired, no request
298 silly addNameRange number 2 { name: 'brace-expansion',
298 silly addNameRange   range: '>=1.1.7 <2.0.0',
298 silly addNameRange   hasData: true }
299 silly addNameRange versions [ 'brace-expansion',
299 silly addNameRange   [ '0.0.0',
299 silly addNameRange     '1.0.0',
299 silly addNameRange     '1.0.1',
299 silly addNameRange     '1.1.0',
299 silly addNameRange     '1.1.1',
299 silly addNameRange     '1.1.2',
299 silly addNameRange     '1.1.3',
299 silly addNameRange     '1.1.4',
299 silly addNameRange     '1.1.5',
299 silly addNameRange     '1.1.6',
299 silly addNameRange     '1.1.7',
299 silly addNameRange     '1.1.8',
299 silly addNameRange     '1.1.9',
299 silly addNameRange     '1.1.10',
299 silly addNameRange     '1.1.11' ] ]
300 silly addNamed brace-expansion@1.1.11
301 verbose addNamed "1.1.11" is a plain semver version for brace-expansion
302 silly mapToRegistry name brace-expansion
303 silly mapToRegistry using default registry
304 silly mapToRegistry registry https://registry.npmjs.org/
305 silly mapToRegistry uri https://registry.npmjs.org/brace-expansion
306 verbose addRemoteTarball https://registry.npmjs.org/brace-expansion/-/brace-expansion-1.1.11.tgz not in flight; adding
307 verbose addRemoteTarball [ 'https://registry.npmjs.org/brace-expansion/-/brace-expansion-1.1.11.tgz',
307 verbose addRemoteTarball   '3c7fcbf529d87226f3d2f52b966ff5271eb441dd' ]
308 info retry fetch attempt 1 at 1:28:50 AM
309 info attempt registry request try #1 at 1:28:50 AM
310 http fetch GET https://registry.npmjs.org/brace-expansion/-/brace-expansion-1.1.11.tgz
311 http fetch 200 https://registry.npmjs.org/brace-expansion/-/brace-expansion-1.1.11.tgz
312 silly fetchAndShaCheck shasum 3c7fcbf529d87226f3d2f52b966ff5271eb441dd
313 verbose addTmpTarball /tmp/npm-24607-255795ae/registry.npmjs.org/brace-expansion/-/brace-expansion-1.1.11.tgz not in flight; adding
314 verbose addTmpTarball already have metadata; skipping unpack for brace-expansion@1.1.11
315 silly cache afterAdd brace-expansion@1.1.11
316 verbose afterAdd /home/unilorn/.npm/brace-expansion/1.1.11/package/package.json not in flight; writing
317 verbose afterAdd /home/unilorn/.npm/brace-expansion/1.1.11/package/package.json written
318 silly fetchNamedPackageData balanced-match
319 silly mapToRegistry name balanced-match
320 silly mapToRegistry using default registry
321 silly mapToRegistry registry https://registry.npmjs.org/
322 silly mapToRegistry uri https://registry.npmjs.org/balanced-match
323 silly fetchNamedPackageData concat-map
324 silly mapToRegistry name concat-map
325 silly mapToRegistry using default registry
326 silly mapToRegistry registry https://registry.npmjs.org/
327 silly mapToRegistry uri https://registry.npmjs.org/concat-map
328 verbose request uri https://registry.npmjs.org/balanced-match
329 verbose request no auth needed
330 info attempt registry request try #1 at 1:28:50 AM
331 http request GET https://registry.npmjs.org/balanced-match
332 verbose request uri https://registry.npmjs.org/concat-map
333 verbose request no auth needed
334 info attempt registry request try #1 at 1:28:50 AM
335 http request GET https://registry.npmjs.org/concat-map
336 http 200 https://registry.npmjs.org/balanced-match
337 verbose headers { date: 'Sat, 16 May 2020 16:28:53 GMT',
337 verbose headers   'content-type': 'application/json; charset=UTF-8',
337 verbose headers   'transfer-encoding': 'chunked',
337 verbose headers   connection: 'keep-alive',
337 verbose headers   'set-cookie':
337 verbose headers    [ '__cfduid=dbd6fed5a65da29971a9a757db85f09ad1589646533; expires=Mon, 15-Jun-20 16:28:53 GMT; path=/; domain=.npmjs.org; HttpOnly; SameSite=Lax' ],
337 verbose headers   'cf-ray': '594679750b43ef8e-NRT',
337 verbose headers   age: '6077',
337 verbose headers   'cache-control': 'public, max-age=300',
337 verbose headers   etag: 'W/"768eec147806bc710f6b097c6384abbf"',
337 verbose headers   'last-modified': 'Sat, 26 May 2018 18:06:43 GMT',
337 verbose headers   vary: 'accept-encoding, accept',
337 verbose headers   'cf-cache-status': 'HIT',
337 verbose headers   'expect-ct': 'max-age=604800, report-uri="https://report-uri.cloudflare.com/cdn-cgi/beacon/expect-ct"',
337 verbose headers   server: 'cloudflare',
337 verbose headers   'content-encoding': 'gzip',
337 verbose headers   'cf-request-id': '02bfea3d210000ef8e17969200000001' }
338 silly get cb [ 200,
338 silly get   { date: 'Sat, 16 May 2020 16:28:53 GMT',
338 silly get     'content-type': 'application/json; charset=UTF-8',
338 silly get     'transfer-encoding': 'chunked',
338 silly get     connection: 'keep-alive',
338 silly get     'set-cookie':
338 silly get      [ '__cfduid=dbd6fed5a65da29971a9a757db85f09ad1589646533; expires=Mon, 15-Jun-20 16:28:53 GMT; path=/; domain=.npmjs.org; HttpOnly; SameSite=Lax' ],
338 silly get     'cf-ray': '594679750b43ef8e-NRT',
338 silly get     age: '6077',
338 silly get     'cache-control': 'public, max-age=300',
338 silly get     etag: 'W/"768eec147806bc710f6b097c6384abbf"',
338 silly get     'last-modified': 'Sat, 26 May 2018 18:06:43 GMT',
338 silly get     vary: 'accept-encoding, accept',
338 silly get     'cf-cache-status': 'HIT',
338 silly get     'expect-ct': 'max-age=604800, report-uri="https://report-uri.cloudflare.com/cdn-cgi/beacon/expect-ct"',
338 silly get     server: 'cloudflare',
338 silly get     'content-encoding': 'gzip',
338 silly get     'cf-request-id': '02bfea3d210000ef8e17969200000001' } ]
339 verbose get saving balanced-match to /home/unilorn/.npm/registry.npmjs.org/balanced-match/.cache.json
340 silly resolveWithNewModule balanced-match@1.0.0 checking installable status
341 silly cache add args [ 'balanced-match@^1.0.0', null ]
342 verbose cache add spec balanced-match@^1.0.0
343 silly cache add parsed spec Result {
343 silly cache add   raw: 'balanced-match@^1.0.0',
343 silly cache add   scope: null,
343 silly cache add   name: 'balanced-match',
343 silly cache add   rawSpec: '^1.0.0',
343 silly cache add   spec: '>=1.0.0 <2.0.0',
343 silly cache add   type: 'range' }
344 silly addNamed balanced-match@>=1.0.0 <2.0.0
345 verbose addNamed ">=1.0.0 <2.0.0" is a valid semver range for balanced-match
346 silly addNameRange { name: 'balanced-match',
346 silly addNameRange   range: '>=1.0.0 <2.0.0',
346 silly addNameRange   hasData: false }
347 silly mapToRegistry name balanced-match
348 silly mapToRegistry using default registry
349 silly mapToRegistry registry https://registry.npmjs.org/
350 silly mapToRegistry uri https://registry.npmjs.org/balanced-match
351 verbose addNameRange registry:https://registry.npmjs.org/balanced-match not in flight; fetching
352 verbose get https://registry.npmjs.org/balanced-match not expired, no request
353 silly addNameRange number 2 { name: 'balanced-match',
353 silly addNameRange   range: '>=1.0.0 <2.0.0',
353 silly addNameRange   hasData: true }
354 silly addNameRange versions [ 'balanced-match',
354 silly addNameRange   [ '0.0.0',
354 silly addNameRange     '0.0.1',
354 silly addNameRange     '0.1.0',
354 silly addNameRange     '0.2.0',
354 silly addNameRange     '0.2.1',
354 silly addNameRange     '0.3.0',
354 silly addNameRange     '0.4.0',
354 silly addNameRange     '0.4.1',
354 silly addNameRange     '0.4.2',
354 silly addNameRange     '1.0.0' ] ]
355 silly addNamed balanced-match@1.0.0
356 verbose addNamed "1.0.0" is a plain semver version for balanced-match
357 silly mapToRegistry name balanced-match
358 silly mapToRegistry using default registry
359 silly mapToRegistry registry https://registry.npmjs.org/
360 silly mapToRegistry uri https://registry.npmjs.org/balanced-match
361 verbose addRemoteTarball https://registry.npmjs.org/balanced-match/-/balanced-match-1.0.0.tgz not in flight; adding
362 verbose addRemoteTarball [ 'https://registry.npmjs.org/balanced-match/-/balanced-match-1.0.0.tgz',
362 verbose addRemoteTarball   '89b4d199ab2bee49de164ea02b89ce462d71b767' ]
363 info retry fetch attempt 1 at 1:28:50 AM
364 info attempt registry request try #1 at 1:28:50 AM
365 http fetch GET https://registry.npmjs.org/balanced-match/-/balanced-match-1.0.0.tgz
366 http fetch 200 https://registry.npmjs.org/balanced-match/-/balanced-match-1.0.0.tgz
367 silly fetchAndShaCheck shasum 89b4d199ab2bee49de164ea02b89ce462d71b767
368 verbose addTmpTarball /tmp/npm-24607-255795ae/registry.npmjs.org/balanced-match/-/balanced-match-1.0.0.tgz not in flight; adding
369 verbose addTmpTarball already have metadata; skipping unpack for balanced-match@1.0.0
370 silly cache afterAdd balanced-match@1.0.0
371 verbose afterAdd /home/unilorn/.npm/balanced-match/1.0.0/package/package.json not in flight; writing
372 verbose afterAdd /home/unilorn/.npm/balanced-match/1.0.0/package/package.json written
373 http 200 https://registry.npmjs.org/concat-map
374 verbose headers { date: 'Sat, 16 May 2020 16:28:53 GMT',
374 verbose headers   'content-type': 'application/json; charset=UTF-8',
374 verbose headers   'transfer-encoding': 'chunked',
374 verbose headers   connection: 'keep-alive',
374 verbose headers   'set-cookie':
374 verbose headers    [ '__cfduid=d8995cb85bb24d9459a683715492271f61589646533; expires=Mon, 15-Jun-20 16:28:53 GMT; path=/; domain=.npmjs.org; HttpOnly; SameSite=Lax' ],
374 verbose headers   'cf-ray': '594679750c6ff907-NRT',
374 verbose headers   age: '344',
374 verbose headers   'cache-control': 'public, max-age=300',
374 verbose headers   etag: 'W/"94c413d99b46c784f563e6153e58a1d4"',
374 verbose headers   'last-modified': 'Sat, 26 May 2018 20:40:55 GMT',
374 verbose headers   vary: 'accept-encoding, accept',
374 verbose headers   'cf-cache-status': 'HIT',
374 verbose headers   'expect-ct': 'max-age=604800, report-uri="https://report-uri.cloudflare.com/cdn-cgi/beacon/expect-ct"',
374 verbose headers   server: 'cloudflare',
374 verbose headers   'content-encoding': 'gzip',
374 verbose headers   'cf-request-id': '02bfea3d210000f90762100200000001' }
375 silly get cb [ 200,
375 silly get   { date: 'Sat, 16 May 2020 16:28:53 GMT',
375 silly get     'content-type': 'application/json; charset=UTF-8',
375 silly get     'transfer-encoding': 'chunked',
375 silly get     connection: 'keep-alive',
375 silly get     'set-cookie':
375 silly get      [ '__cfduid=d8995cb85bb24d9459a683715492271f61589646533; expires=Mon, 15-Jun-20 16:28:53 GMT; path=/; domain=.npmjs.org; HttpOnly; SameSite=Lax' ],
375 silly get     'cf-ray': '594679750c6ff907-NRT',
375 silly get     age: '344',
375 silly get     'cache-control': 'public, max-age=300',
375 silly get     etag: 'W/"94c413d99b46c784f563e6153e58a1d4"',
375 silly get     'last-modified': 'Sat, 26 May 2018 20:40:55 GMT',
375 silly get     vary: 'accept-encoding, accept',
375 silly get     'cf-cache-status': 'HIT',
375 silly get     'expect-ct': 'max-age=604800, report-uri="https://report-uri.cloudflare.com/cdn-cgi/beacon/expect-ct"',
375 silly get     server: 'cloudflare',
375 silly get     'content-encoding': 'gzip',
375 silly get     'cf-request-id': '02bfea3d210000f90762100200000001' } ]
376 verbose get saving concat-map to /home/unilorn/.npm/registry.npmjs.org/concat-map/.cache.json
377 silly resolveWithNewModule concat-map@0.0.1 checking installable status
378 silly cache add args [ 'concat-map@0.0.1', null ]
379 verbose cache add spec concat-map@0.0.1
380 silly cache add parsed spec Result {
380 silly cache add   raw: 'concat-map@0.0.1',
380 silly cache add   scope: null,
380 silly cache add   name: 'concat-map',
380 silly cache add   rawSpec: '0.0.1',
380 silly cache add   spec: '0.0.1',
380 silly cache add   type: 'version' }
381 silly addNamed concat-map@0.0.1
382 verbose addNamed "0.0.1" is a plain semver version for concat-map
383 silly mapToRegistry name concat-map
384 silly mapToRegistry using default registry
385 silly mapToRegistry registry https://registry.npmjs.org/
386 silly mapToRegistry uri https://registry.npmjs.org/concat-map
387 verbose addNameVersion registry:https://registry.npmjs.org/concat-map not in flight; fetching
388 verbose get https://registry.npmjs.org/concat-map not expired, no request
389 silly mapToRegistry name concat-map
390 silly mapToRegistry using default registry
391 silly mapToRegistry registry https://registry.npmjs.org/
392 silly mapToRegistry uri https://registry.npmjs.org/concat-map
393 verbose addRemoteTarball https://registry.npmjs.org/concat-map/-/concat-map-0.0.1.tgz not in flight; adding
394 verbose addRemoteTarball [ 'https://registry.npmjs.org/concat-map/-/concat-map-0.0.1.tgz',
394 verbose addRemoteTarball   'd8a96bd77fd68df7793a73036a3ba0d5405d477b' ]
395 info retry fetch attempt 1 at 1:28:50 AM
396 info attempt registry request try #1 at 1:28:50 AM
397 http fetch GET https://registry.npmjs.org/concat-map/-/concat-map-0.0.1.tgz
398 http fetch 200 https://registry.npmjs.org/concat-map/-/concat-map-0.0.1.tgz
399 silly fetchAndShaCheck shasum d8a96bd77fd68df7793a73036a3ba0d5405d477b
400 verbose addTmpTarball /tmp/npm-24607-255795ae/registry.npmjs.org/concat-map/-/concat-map-0.0.1.tgz not in flight; adding
401 verbose addTmpTarball already have metadata; skipping unpack for concat-map@0.0.1
402 silly cache afterAdd concat-map@0.0.1
403 verbose afterAdd /home/unilorn/.npm/concat-map/0.0.1/package/package.json not in flight; writing
404 verbose afterAdd /home/unilorn/.npm/concat-map/0.0.1/package/package.json written
405 silly fetchNamedPackageData minimist
406 silly mapToRegistry name minimist
407 silly mapToRegistry using default registry
408 silly mapToRegistry registry https://registry.npmjs.org/
409 silly mapToRegistry uri https://registry.npmjs.org/minimist
410 verbose request uri https://registry.npmjs.org/minimist
411 verbose request no auth needed
412 info attempt registry request try #1 at 1:28:50 AM
413 http request GET https://registry.npmjs.org/minimist
414 http 200 https://registry.npmjs.org/minimist
415 verbose headers { date: 'Sat, 16 May 2020 16:28:54 GMT',
415 verbose headers   'content-type': 'application/json',
415 verbose headers   'transfer-encoding': 'chunked',
415 verbose headers   connection: 'keep-alive',
415 verbose headers   'set-cookie':
415 verbose headers    [ '__cfduid=d61324777d0e844199e51e2c8ac7425aa1589646534; expires=Mon, 15-Jun-20 16:28:54 GMT; path=/; domain=.npmjs.org; HttpOnly; SameSite=Lax' ],
415 verbose headers   'cf-ray': '59467976dc04ef45-NRT',
415 verbose headers   age: '1033',
415 verbose headers   'cache-control': 'public, max-age=300',
415 verbose headers   etag: 'W/"ab6c93df45eeb8867cab5ea4f62b4b74"',
415 verbose headers   'last-modified': 'Thu, 12 Mar 2020 22:16:24 GMT',
415 verbose headers   vary: 'accept-encoding, accept',
415 verbose headers   'cf-cache-status': 'HIT',
415 verbose headers   'expect-ct': 'max-age=604800, report-uri="https://report-uri.cloudflare.com/cdn-cgi/beacon/expect-ct"',
415 verbose headers   server: 'cloudflare',
415 verbose headers   'content-encoding': 'gzip',
415 verbose headers   'cf-request-id': '02bfea3e480000ef454d3d9200000001' }
416 silly get cb [ 200,
416 silly get   { date: 'Sat, 16 May 2020 16:28:54 GMT',
416 silly get     'content-type': 'application/json',
416 silly get     'transfer-encoding': 'chunked',
416 silly get     connection: 'keep-alive',
416 silly get     'set-cookie':
416 silly get      [ '__cfduid=d61324777d0e844199e51e2c8ac7425aa1589646534; expires=Mon, 15-Jun-20 16:28:54 GMT; path=/; domain=.npmjs.org; HttpOnly; SameSite=Lax' ],
416 silly get     'cf-ray': '59467976dc04ef45-NRT',
416 silly get     age: '1033',
416 silly get     'cache-control': 'public, max-age=300',
416 silly get     etag: 'W/"ab6c93df45eeb8867cab5ea4f62b4b74"',
416 silly get     'last-modified': 'Thu, 12 Mar 2020 22:16:24 GMT',
416 silly get     vary: 'accept-encoding, accept',
416 silly get     'cf-cache-status': 'HIT',
416 silly get     'expect-ct': 'max-age=604800, report-uri="https://report-uri.cloudflare.com/cdn-cgi/beacon/expect-ct"',
416 silly get     server: 'cloudflare',
416 silly get     'content-encoding': 'gzip',
416 silly get     'cf-request-id': '02bfea3e480000ef454d3d9200000001' } ]
417 verbose get saving minimist to /home/unilorn/.npm/registry.npmjs.org/minimist/.cache.json
418 silly resolveWithNewModule minimist@0.0.8 checking installable status
419 silly cache add args [ 'minimist@0.0.8', null ]
420 verbose cache add spec minimist@0.0.8
421 silly cache add parsed spec Result {
421 silly cache add   raw: 'minimist@0.0.8',
421 silly cache add   scope: null,
421 silly cache add   name: 'minimist',
421 silly cache add   rawSpec: '0.0.8',
421 silly cache add   spec: '0.0.8',
421 silly cache add   type: 'version' }
422 silly addNamed minimist@0.0.8
423 verbose addNamed "0.0.8" is a plain semver version for minimist
424 silly mapToRegistry name minimist
425 silly mapToRegistry using default registry
426 silly mapToRegistry registry https://registry.npmjs.org/
427 silly mapToRegistry uri https://registry.npmjs.org/minimist
428 verbose addNameVersion registry:https://registry.npmjs.org/minimist not in flight; fetching
429 verbose get https://registry.npmjs.org/minimist not expired, no request
430 silly mapToRegistry name minimist
431 silly mapToRegistry using default registry
432 silly mapToRegistry registry https://registry.npmjs.org/
433 silly mapToRegistry uri https://registry.npmjs.org/minimist
434 verbose addRemoteTarball https://registry.npmjs.org/minimist/-/minimist-0.0.8.tgz not in flight; adding
435 verbose addRemoteTarball [ 'https://registry.npmjs.org/minimist/-/minimist-0.0.8.tgz',
435 verbose addRemoteTarball   '857fcabfc3397d2625b8228262e86aa7a011b05d' ]
436 info retry fetch attempt 1 at 1:28:50 AM
437 info attempt registry request try #1 at 1:28:50 AM
438 http fetch GET https://registry.npmjs.org/minimist/-/minimist-0.0.8.tgz
439 http fetch 200 https://registry.npmjs.org/minimist/-/minimist-0.0.8.tgz
440 silly fetchAndShaCheck shasum 857fcabfc3397d2625b8228262e86aa7a011b05d
441 verbose addTmpTarball /tmp/npm-24607-255795ae/registry.npmjs.org/minimist/-/minimist-0.0.8.tgz not in flight; adding
442 verbose addTmpTarball already have metadata; skipping unpack for minimist@0.0.8
443 silly cache afterAdd minimist@0.0.8
444 verbose afterAdd /home/unilorn/.npm/minimist/0.0.8/package/package.json not in flight; writing
445 verbose afterAdd /home/unilorn/.npm/minimist/0.0.8/package/package.json written
446 silly loadAllDepsIntoIdealTree Finishing
447 silly idealTree:prePrune lib
447 silly idealTree:prePrune  express-generator@4.16.1
447 silly idealTree:prePrune    balanced-match@1.0.0
447 silly idealTree:prePrune    brace-expansion@1.1.11
447 silly idealTree:prePrune    commander@2.15.1
447 silly idealTree:prePrune    concat-map@0.0.1
447 silly idealTree:prePrune    ejs@2.6.1
447 silly idealTree:prePrune    minimatch@3.0.4
447 silly idealTree:prePrune    minimist@0.0.8
447 silly idealTree:prePrune    mkdirp@0.5.1
447 silly idealTree:prePrune    sorted-object@2.0.1
448 silly loadIdealTree Finishing
449 silly currentTree lib
450 silly idealTree lib
450 silly idealTree  express-generator@4.16.1
450 silly idealTree    balanced-match@1.0.0
450 silly idealTree    brace-expansion@1.1.11
450 silly idealTree    commander@2.15.1
450 silly idealTree    concat-map@0.0.1
450 silly idealTree    ejs@2.6.1
450 silly idealTree    minimatch@3.0.4
450 silly idealTree    minimist@0.0.8
450 silly idealTree    mkdirp@0.5.1
450 silly idealTree    sorted-object@2.0.1
451 silly generateActionsToTake Starting
452 silly install generateActionsToTake
453 warn checkPermissions Missing write access to /usr/local/lib
454 silly rollbackFailedOptional Starting
455 silly rollbackFailedOptional Finishing
456 silly runTopLevelLifecycles Starting
457 silly runTopLevelLifecycles Finishing
458 silly install printInstalled
459 verbose stack Error: EACCES: permission denied, access '/usr/local/lib'
460 verbose cwd /home/unilorn/Document/source/unilorn.com
461 error Linux 4.19.84-microsoft-standard
462 error argv "/usr/bin/node" "/usr/bin/npm" "install" "express-generator" "-g"
463 error node v8.10.0
464 error npm  v3.5.2
465 error path /usr/local/lib
466 error code EACCES
467 error errno -13
468 error syscall access
469 error Error: EACCES: permission denied, access '/usr/local/lib'
469 error  { Error: EACCES: permission denied, access '/usr/local/lib'
469 error   errno: -13,
469 error   code: 'EACCES',
469 error   syscall: 'access',
469 error   path: '/usr/local/lib' }
470 error Please try running this command again as root/Administrator.
471 verbose exit [ -13, true ]
